<?xml version="1.0" encoding="UTF-8"?>
<!-- Generated by org.testng.reporters.JUnitXMLReporter -->
<testsuite ignored="2" hostname="EPAMYERW00A2" failures="0" tests="1" name="Surefire test" time="8.896" errors="0" timestamp="21 Sep 2022 15:08:21 GMT">
  <testcase classname="com.ctco.tests.TestAutomationEngineerSkillsAmountVerificationTest" name="verifyTestAutomationEngineerSkillsAmount" time="2.575"/>
  <testcase classname="com.ctco.tests.BaseTest" name="@AfterTest tearDown" time="0.0">
    <ignored/>
  </testcase> <!-- @AfterTest tearDown -->
  <testcase classname="com.ctco.tests.BaseTest" name="@BeforeTest setUp" time="0.0">
    <ignored/>
  </testcase> <!-- @BeforeTest setUp -->
</testsuite> <!-- Surefire test -->
