<?xml version="1.0" encoding="UTF-8"?>
<testng-results ignored="2" total="3" passed="1" failed="0" skipped="0">
  <reporter-output>
  </reporter-output>
  <suite started-at="2022-09-21T15:08:12Z" name="Surefire suite" finished-at="2022-09-21T15:08:21Z" duration-ms="8896">
    <groups>
    </groups>
    <test started-at="2022-09-21T15:08:12Z" name="Surefire test" finished-at="2022-09-21T15:08:21Z" duration-ms="8896">
      <class name="com.ctco.tests.BaseTest">
        <test-method is-config="true" signature="setUp()[pri:0, instance:com.ctco.tests.BaseTest@795cd85e]" started-at="2022-09-21T15:08:12Z" name="setUp" finished-at="2022-09-21T15:08:18Z" duration-ms="5609" status="PASS">
          <reporter-output>
          </reporter-output>
        </test-method> <!-- setUp -->
        <test-method is-config="true" signature="tearDown()[pri:0, instance:com.ctco.tests.BaseTest@795cd85e]" started-at="2022-09-21T15:08:20Z" name="tearDown" finished-at="2022-09-21T15:08:21Z" duration-ms="693" status="PASS">
          <reporter-output>
          </reporter-output>
        </test-method> <!-- tearDown -->
      </class> <!-- com.ctco.tests.BaseTest -->
      <class name="com.ctco.tests.TestAutomationEngineerSkillsAmountVerificationTest">
        <test-method signature="verifyTestAutomationEngineerSkillsAmount()[pri:0, instance:com.ctco.tests.TestAutomationEngineerSkillsAmountVerificationTest@61862a7f]" started-at="2022-09-21T15:08:18Z" name="verifyTestAutomationEngineerSkillsAmount" finished-at="2022-09-21T15:08:20Z" duration-ms="2575" status="PASS">
          <reporter-output>
          </reporter-output>
        </test-method> <!-- verifyTestAutomationEngineerSkillsAmount -->
      </class> <!-- com.ctco.tests.TestAutomationEngineerSkillsAmountVerificationTest -->
    </test> <!-- Surefire test -->
  </suite> <!-- Surefire suite -->
</testng-results>
